<?xml version="1.0" encoding="utf-8"?><testsuites name="pytest tests"><testsuite name="pytest" errors="0" failures="3" skipped="1" tests="24" time="16.999" timestamp="2026-07-16T22:36:12.266227+00:00" hostname="agent-env-83744db8-1df9-4a83-9da8-ee124054eb86"><testcase classname="tests.backend_test.TestNextJsAPIRoutesViaPublicURL" name="test_pincode_lookup" time="0.180"><failure message="AssertionError: /api/pincode/416001 returned 404 body={&quot;detail&quot;:&quot;Not Found&quot;} — ingress is routing /api/* to FastAPI, but this is a Next.js app. All API calls broken.&#10;assert 404 == 200&#10; +  where 404 = &lt;Response [404]&gt;.status_code">backend/tests/backend_test.py:70: in test_pincode_lookup
    assert r.status_code == 200, (
E   AssertionError: /api/pincode/416001 returned 404 body={"detail":"Not Found"} — ingress is routing /api/* to FastAPI, but this is a Next.js app. All API calls broken.
E   assert 404 == 200
E    +  where 404 = &lt;Response [404]&gt;.status_code</failure></testcase><testcase classname="tests.backend_test.TestPublicPages" name="test_public_page_renders[/-200]" time="1.517" /><testcase classname="tests.backend_test.TestNextJsAPIRoutesViaPublicURL" name="test_track_missing_params_returns_400" time="0.045"><failure message="AssertionError: /api/track expected 400 got 404 body={&quot;detail&quot;:&quot;Not Found&quot;}&#10;assert 404 == 400&#10; +  where 404 = &lt;Response [404]&gt;.status_code">backend/tests/backend_test.py:81: in test_track_missing_params_returns_400
    assert r.status_code == 400, (
E   AssertionError: /api/track expected 400 got 404 body={"detail":"Not Found"}
E   assert 404 == 400
E    +  where 404 = &lt;Response [404]&gt;.status_code</failure></testcase><testcase classname="tests.backend_test.TestNextJsAPIRoutesViaPublicURL" name="test_contact_submit" time="0.045"><failure message="AssertionError: /api/contact returned 404 body={&quot;detail&quot;:&quot;Not Found&quot;}&#10;assert 404 in (200, 201)&#10; +  where 404 = &lt;Response [404]&gt;.status_code">backend/tests/backend_test.py:95: in test_contact_submit
    assert r.status_code in (200, 201), (
E   AssertionError: /api/contact returned 404 body={"detail":"Not Found"}
E   assert 404 in (200, 201)
E    +  where 404 = &lt;Response [404]&gt;.status_code</failure></testcase><testcase classname="tests.backend_test.TestNextJsAPIRoutesViaPublicURL" name="test_orders_create_cod_fallback" time="0.000"><skipped type="pytest.skip" message="Requires seeded variant id lookup via Supabase — see UI test">/app/backend/tests/backend_test.py:104: Requires seeded variant id lookup via Supabase — see UI test</skipped></testcase><testcase classname="tests.backend_test.TestApiPathSanity" name="test_api_root_returns_fastapi_hello" time="0.044" /><testcase classname="tests.backend_test.TestApiPathSanity" name="test_nextjs_api_available_on_port_3000" time="0.124" /><testcase classname="tests.backend_test.TestPublicPages" name="test_public_page_renders[/shop-200]" time="0.802" /><testcase classname="tests.backend_test.TestPublicPages" name="test_public_page_renders[/shop?category=footwear-200]" time="0.727" /><testcase classname="tests.backend_test.TestPublicPages" name="test_public_page_renders[/product/sunshine-cotton-frock-200]" time="1.102" /><testcase classname="tests.backend_test.TestPublicPages" name="test_public_page_renders[/auth-200]" time="0.501" /><testcase classname="tests.backend_test.TestPublicPages" name="test_public_page_renders[/track-200]" time="0.787" /><testcase classname="tests.backend_test.TestPublicPages" name="test_public_page_renders[/contact-200]" time="0.464" /><testcase classname="tests.backend_test.TestPublicPages" name="test_public_page_renders[/faq-200]" time="0.464" /><testcase classname="tests.backend_test.TestPublicPages" name="test_public_page_renders[/about-200]" time="2.651" /><testcase classname="tests.backend_test.TestPublicPages" name="test_public_page_renders[/legal/privacy-200]" time="1.076" /><testcase classname="tests.backend_test.TestPublicPages" name="test_public_page_renders[/legal/terms-200]" time="0.515" /><testcase classname="tests.backend_test.TestPublicPages" name="test_public_page_renders[/legal/shipping-200]" time="0.452" /><testcase classname="tests.backend_test.TestPublicPages" name="test_public_page_renders[/legal/returns-200]" time="0.499" /><testcase classname="tests.backend_test.TestPublicPages" name="test_public_page_renders[/legal/refund-200]" time="0.463" /><testcase classname="tests.backend_test.TestPublicPages" name="test_public_page_renders[/legal/cancellation-200]" time="0.494" /><testcase classname="tests.backend_test.TestPublicPages" name="test_public_page_renders[/robots.txt-200]" time="1.316" /><testcase classname="tests.backend_test.TestPublicPages" name="test_public_page_renders[/sitemap.xml-200]" time="0.799" /><testcase classname="tests.backend_test.TestPublicPages" name="test_admin_gate_redirects_to_auth" time="1.966" /></testsuite></testsuites>